<?xml version="1.0" encoding="UTF-8"?>
<!-- Generated by org.testng.reporters.JUnitXMLReporter -->
<testsuite hostname="AELAP5N2KVZ1" name="Command line test" tests="1" failures="1" timestamp="29 Apr 2016 13:42:02 GMT" time="0.372" errors="0">
  <testcase name="testsikuli" time="0.353" classname="com.tests.Testsikuli.TestSikuli">
    <failure type="java.lang.NoClassDefFoundError" message="com/google/common/base/Optional">
      <![CDATA[java.lang.NoClassDefFoundError: com/google/common/base/Optional
	at org.openqa.selenium.firefox.internal.NewProfileExtensionConnection.loadCustomExtension(NewProfileExtensionConnection.java:151)
	at org.openqa.selenium.firefox.internal.NewProfileExtensionConnection.addWebDriverExtensionIfNeeded(NewProfileExtensionConnection.java:142)
	at org.openqa.selenium.firefox.internal.NewProfileExtensionConnection.start(NewProfileExtensionConnection.java:76)
	at org.openqa.selenium.firefox.FirefoxDriver.startClient(FirefoxDriver.java:271)
	at org.openqa.selenium.remote.RemoteWebDriver.<init>(RemoteWebDriver.java:119)
	at org.openqa.selenium.firefox.FirefoxDriver.<init>(FirefoxDriver.java:216)
	at org.openqa.selenium.firefox.FirefoxDriver.<init>(FirefoxDriver.java:211)
	at org.openqa.selenium.firefox.FirefoxDriver.<init>(FirefoxDriver.java:207)
	at org.openqa.selenium.firefox.FirefoxDriver.<init>(FirefoxDriver.java:120)
	at com.tests.Testsikuli.TestSikuli.testsikuli(TestSikuli.java:25)
Caused by: java.lang.ClassNotFoundException: com.google.common.base.Optional
	at java.net.URLClassLoader.findClass(URLClassLoader.java:381)
	at java.lang.ClassLoader.loadClass(ClassLoader.java:424)
	at sun.misc.Launcher$AppClassLoader.loadClass(Launcher.java:331)
	at java.lang.ClassLoader.loadClass(ClassLoader.java:357)
	... 43 more
... Removed 33 stack frames]]>
    </failure>
  </testcase> <!-- testsikuli -->
</testsuite> <!-- Command line test -->
