<?xml version="1.0" encoding="UTF-8" ?>
<testsuite tests="1" failures="1" name="com.tests.Testsikuli.TestSikuli" time="0.36" errors="0" skipped="0">
  <properties>
[...]
</properties>
  <testcase classname="com.tests.Testsikuli.TestSikuli" name="testsikuli" time="0.36">
    <failure message="com/google/common/base/Optional" type="java.lang.NoClassDefFoundError">java.lang.NoClassDefFoundError: com/google/common/base/Optional
	at org.openqa.selenium.firefox.internal.NewProfileExtensionConnection.loadCustomExtension(NewProfileExtensionConnection.java:151)
	at org.openqa.selenium.firefox.internal.NewProfileExtensionConnection.addWebDriverExtensionIfNeeded(NewProfileExtensionConnection.java:142)
	at org.openqa.selenium.firefox.internal.NewProfileExtensionConnection.start(NewProfileExtensionConnection.java:76)
	at org.openqa.selenium.firefox.FirefoxDriver.startClient(FirefoxDriver.java:271)
	at org.openqa.selenium.remote.RemoteWebDriver.&lt;init&gt;(RemoteWebDriver.java:119)
	at org.openqa.selenium.firefox.FirefoxDriver.&lt;init&gt;(FirefoxDriver.java:216)
	at org.openqa.selenium.firefox.FirefoxDriver.&lt;init&gt;(FirefoxDriver.java:211)
	at org.openqa.selenium.firefox.FirefoxDriver.&lt;init&gt;(FirefoxDriver.java:207)
	at org.openqa.selenium.firefox.FirefoxDriver.&lt;init&gt;(FirefoxDriver.java:120)
	at com.tests.Testsikuli.TestSikuli.testsikuli(TestSikuli.java:25)
Caused by: java.lang.ClassNotFoundException: com.google.common.base.Optional
	at java.net.URLClassLoader.findClass(URLClassLoader.java:381)
	at java.lang.ClassLoader.loadClass(ClassLoader.java:424)
	at sun.misc.Launcher$AppClassLoader.loadClass(Launcher.java:331)
	at java.lang.ClassLoader.loadClass(ClassLoader.java:357)
	... 43 more
</failure>
    <system-out>Configuring TestNG with: org.apache.maven.surefire.testng.conf.TestNG652Configurator@6a6824be
</system-out>
  </testcase>
</testsuite>